
Symbol table '.dynsym' contains 127 entries:
   Num:    Value          Size Type    Bind   Vis      Ndx Name
     0: 0000000000000000     0 NOTYPE  LOCAL  DEFAULT  UND 
     1: 0000000000000000     0 FUNC    GLOBAL DEFAULT  UND getenv@GLIBC_2.2.5 (2)
     2: 0000000000000000     0 FUNC    GLOBAL DEFAULT  UND __snprintf_chk@GLIBC_2.3.4 (3)
     3: 0000000000000000     0 FUNC    GLOBAL DEFAULT  UND free@GLIBC_2.2.5 (2)
     4: 0000000000000000     0 FUNC    GLOBAL DEFAULT  UND __vfprintf_chk@GLIBC_2.3.4 (3)
     5: 0000000000000000     0 FUNC    GLOBAL DEFAULT  UND abort@GLIBC_2.2.5 (2)
     6: 0000000000000000     0 FUNC    GLOBAL DEFAULT  UND __errno_location@GLIBC_2.2.5 (2)
     7: 0000000000000000     0 FUNC    GLOBAL DEFAULT  UND open_memstream@GLIBC_2.2.5 (2)
     8: 0000000000000000     0 NOTYPE  WEAK   DEFAULT  UND _ITM_deregisterTMCloneTable
     9: 0000000000000000     0 OBJECT  GLOBAL DEFAULT  UND ffi_type_uint32@LIBFFI_BASE_8.0 (4)
    10: 0000000000000000     0 FUNC    GLOBAL DEFAULT  UND pthread_cond_broadcast@GLIBC_2.3.2 (5)
    11: 0000000000000000     0 FUNC    GLOBAL DEFAULT  UND sendmsg@GLIBC_2.2.5 (2)
    12: 0000000000000000     0 FUNC    GLOBAL DEFAULT  UND clock_gettime@GLIBC_2.17 (6)
    13: 0000000000000000     0 FUNC    GLOBAL DEFAULT  UND pthread_cond_wait@GLIBC_2.3.2 (5)
    14: 0000000000000000     0 FUNC    GLOBAL DEFAULT  UND fclose@GLIBC_2.2.5 (2)
    15: 0000000000000000     0 FUNC    GLOBAL DEFAULT  UND strlen@GLIBC_2.2.5 (2)
    16: 0000000000000000     0 FUNC    GLOBAL DEFAULT  UND __stack_chk_fail@GLIBC_2.4 (7)
    17: 0000000000000000     0 FUNC    GLOBAL DEFAULT  UND strchr@GLIBC_2.2.5 (2)
    18: 0000000000000000     0 FUNC    GLOBAL DEFAULT  UND pthread_mutex_destroy@GLIBC_2.2.5 (2)
    19: 0000000000000000     0 FUNC    GLOBAL DEFAULT  UND snprintf@GLIBC_2.2.5 (2)
    20: 0000000000000000     0 FUNC    GLOBAL DEFAULT  UND __assert_fail@GLIBC_2.2.5 (2)
    21: 0000000000000000     0 FUNC    GLOBAL DEFAULT  UND ffi_prep_cif@LIBFFI_BASE_8.0 (4)
    22: 0000000000000000     0 FUNC    GLOBAL DEFAULT  UND close@GLIBC_2.2.5 (2)
    23: 0000000000000000     0 FUNC    GLOBAL DEFAULT  UND ffi_call@LIBFFI_BASE_8.0 (4)
    24: 0000000000000000     0 FUNC    GLOBAL DEFAULT  UND calloc@GLIBC_2.2.5 (2)
    25: 0000000000000000     0 FUNC    GLOBAL DEFAULT  UND strcmp@GLIBC_2.2.5 (2)
    26: 0000000000000000     0 FUNC    GLOBAL DEFAULT  UND __memcpy_chk@GLIBC_2.3.4 (3)
    27: 0000000000000000     0 NOTYPE  WEAK   DEFAULT  UND __gmon_start__
    28: 0000000000000000     0 FUNC    GLOBAL DEFAULT  UND memcpy@GLIBC_2.14 (8)
    29: 0000000000000000     0 FUNC    GLOBAL DEFAULT  UND __isoc23_strtol@GLIBC_2.38 (9)
    30: 0000000000000000     0 OBJECT  GLOBAL DEFAULT  UND ffi_type_void@LIBFFI_BASE_8.0 (4)
    31: 0000000000000000     0 FUNC    GLOBAL DEFAULT  UND pthread_cond_init@GLIBC_2.3.2 (5)
    32: 0000000000000000     0 FUNC    GLOBAL DEFAULT  UND pthread_mutex_unlock@GLIBC_2.2.5 (2)
    33: 0000000000000000     0 FUNC    GLOBAL DEFAULT  UND malloc@GLIBC_2.2.5 (2)
    34: 0000000000000000     0 FUNC    GLOBAL DEFAULT  UND realloc@GLIBC_2.2.5 (2)
    35: 0000000000000000     0 FUNC    GLOBAL DEFAULT  UND recvmsg@GLIBC_2.2.5 (2)
    36: 0000000000000000     0 FUNC    GLOBAL DEFAULT  UND poll@GLIBC_2.2.5 (2)
    37: 0000000000000000     0 FUNC    GLOBAL DEFAULT  UND fcntl64@GLIBC_2.28 (10)
    38: 0000000000000000     0 FUNC    GLOBAL DEFAULT  UND pthread_cond_destroy@GLIBC_2.3.2 (5)
    39: 0000000000000000     0 FUNC    GLOBAL DEFAULT  UND unsetenv@GLIBC_2.2.5 (2)
    40: 0000000000000000     0 FUNC    GLOBAL DEFAULT  UND connect@GLIBC_2.2.5 (2)
    41: 0000000000000000     0 OBJECT  GLOBAL DEFAULT  UND ffi_type_pointer@LIBFFI_BASE_8.0 (4)
    42: 0000000000000000     0 FUNC    GLOBAL DEFAULT  UND __fprintf_chk@GLIBC_2.3.4 (3)
    43: 0000000000000000     0 OBJECT  GLOBAL DEFAULT  UND ffi_type_sint32@LIBFFI_BASE_8.0 (4)
    44: 0000000000000000     0 NOTYPE  WEAK   DEFAULT  UND _ITM_registerTMCloneTable
    45: 0000000000000000     0 FUNC    GLOBAL DEFAULT  UND strerror@GLIBC_2.2.5 (2)
    46: 0000000000000000     0 FUNC    GLOBAL DEFAULT  UND pthread_mutex_init@GLIBC_2.2.5 (2)
    47: 0000000000000000     0 FUNC    WEAK   DEFAULT  UND __cxa_finalize@GLIBC_2.2.5 (2)
    48: 0000000000000000     0 FUNC    GLOBAL DEFAULT  UND strstr@GLIBC_2.2.5 (2)
    49: 0000000000000000     0 FUNC    GLOBAL DEFAULT  UND pthread_mutex_lock@GLIBC_2.2.5 (2)
    50: 0000000000000000     0 OBJECT  GLOBAL DEFAULT  UND stderr@GLIBC_2.2.5 (2)
    51: 0000000000000000     0 FUNC    GLOBAL DEFAULT  UND socket@GLIBC_2.2.5 (2)
    52: 000000000000a780   933 FUNC    GLOBAL DEFAULT   14 wl_display_connect
    53: 00000000000075e0    61 FUNC    GLOBAL DEFAULT   14 wl_event_queue_destroy
    54: 00000000000077d0    20 FUNC    GLOBAL DEFAULT   14 wl_array_init
    55: 000000000000e940    40 OBJECT  GLOBAL DEFAULT   21 wl_touch_interface
    56: 0000000000006fd0     9 FUNC    GLOBAL DEFAULT   14 wl_proxy_set_tag
    57: 000000000000a320   273 FUNC    GLOBAL DEFAULT   14 wl_proxy_marshal_flags
    58: 0000000000007080    28 FUNC    GLOBAL DEFAULT   14 wl_list_insert
    59: 000000000000daa0    40 OBJECT  GLOBAL DEFAULT   21 wl_compositor_interface
    60: 000000000000e980    40 OBJECT  GLOBAL DEFAULT   21 wl_keyboard_interface
    61: 000000000000a0f0   257 FUNC    GLOBAL DEFAULT   14 wl_proxy_marshal_constructor
    62: 0000000000009fc0    21 FUNC    GLOBAL DEFAULT   14 wl_proxy_marshal_array_constructor_versioned
    63: 000000000000dc80    40 OBJECT  GLOBAL DEFAULT   21 wl_subcompositor_interface
    64: 000000000000a200    11 FUNC    GLOBAL DEFAULT   14 wl_proxy_marshal_array
    65: 0000000000006ee0   168 FUNC    GLOBAL DEFAULT   14 wl_display_flush
    66: 000000000000eb00    40 OBJECT  GLOBAL DEFAULT   21 wl_data_offer_interface
    67: 0000000000009330    16 FUNC    GLOBAL DEFAULT   14 wl_display_dispatch
    68: 0000000000006ff0    11 FUNC    GLOBAL DEFAULT   14 wl_proxy_get_class
    69: 0000000000009fe0    13 FUNC    GLOBAL DEFAULT   14 wl_proxy_marshal_array_constructor
    70: 0000000000007c80    78 FUNC    GLOBAL DEFAULT   14 wl_proxy_destroy
    71: 000000000000eac0    40 OBJECT  GLOBAL DEFAULT   21 wl_data_device_interface
    72: 0000000000006fb0     8 FUNC    GLOBAL DEFAULT   14 wl_proxy_get_version
    73: 0000000000006de0    87 FUNC    GLOBAL DEFAULT   14 wl_display_cancel_read
    74: 0000000000007770    16 FUNC    GLOBAL DEFAULT   14 wl_display_dispatch_pending
    75: 00000000000076a0   197 FUNC    GLOBAL DEFAULT   14 wl_display_dispatch_queue_pending
    76: 0000000000007820   205 FUNC    GLOBAL DEFAULT   14 wl_display_disconnect
    77: 000000000000a210   264 FUNC    GLOBAL DEFAULT   14 wl_proxy_marshal_constructor_versioned
    78: 0000000000007140    26 FUNC    GLOBAL DEFAULT   14 wl_list_remove
    79: 000000000000a440   248 FUNC    GLOBAL DEFAULT   14 wl_display_roundtrip_queue
    80: 000000000000ed40    40 OBJECT  GLOBAL DEFAULT   21 wl_callback_interface
    81: 000000000000db20    40 OBJECT  GLOBAL DEFAULT   21 wl_shm_interface
    82: 0000000000006e40    47 FUNC    GLOBAL DEFAULT   14 wl_display_get_error
    83: 00000000000070a0   145 FUNC    GLOBAL DEFAULT   14 wl_proxy_create_wrapper
    84: 0000000000007030    66 FUNC    GLOBAL DEFAULT   14 wl_display_create_queue
    85: 000000000000e9c0    40 OBJECT  GLOBAL DEFAULT   21 wl_pointer_interface
    86: 00000000000078f0   178 FUNC    GLOBAL DEFAULT   14 wl_array_add
    87: 000000000000ec80    40 OBJECT  GLOBAL DEFAULT   21 wl_registry_interface
    88: 000000000000dba0    40 OBJECT  GLOBAL DEFAULT   21 wl_data_device_manager_interface
    89: 000000000000ec40    40 OBJECT  GLOBAL DEFAULT   21 wl_surface_interface
    90: 0000000000007620    98 FUNC    GLOBAL DEFAULT   14 wl_display_prepare_read_queue
    91: 0000000000007010    17 FUNC    GLOBAL DEFAULT   14 wl_list_init
    92: 000000000000ebc0    40 OBJECT  GLOBAL DEFAULT   21 wl_buffer_interface
    93: 0000000000009ff0   256 FUNC    GLOBAL DEFAULT   14 wl_proxy_marshal
    94: 000000000000ab30    84 FUNC    GLOBAL DEFAULT   14 wl_array_copy
    95: 0000000000006fe0     9 FUNC    GLOBAL DEFAULT   14 wl_proxy_get_tag
    96: 000000000000dc00    40 OBJECT  GLOBAL DEFAULT   21 wl_shell_interface
    97: 0000000000006e70   103 FUNC    GLOBAL DEFAULT   14 wl_display_get_protocol_error
    98: 00000000000077f0    39 FUNC    GLOBAL DEFAULT   14 wl_array_release
    99: 0000000000007160   157 FUNC    GLOBAL DEFAULT   14 wl_proxy_set_queue
   100: 000000000000ea40    40 OBJECT  GLOBAL DEFAULT   21 wl_shell_surface_interface
   101: 000000000000a550   546 FUNC    GLOBAL DEFAULT   14 wl_display_connect_to_fd
   102: 0000000000006d70    96 FUNC    GLOBAL DEFAULT   14 wl_proxy_add_dispatcher
   103: 0000000000006d00    96 FUNC    GLOBAL DEFAULT   14 wl_proxy_add_listener
   104: 0000000000006fc0     8 FUNC    GLOBAL DEFAULT   14 wl_proxy_get_id
   105: 000000000000eb40    40 OBJECT  GLOBAL DEFAULT   21 wl_data_source_interface
   106: 0000000000009490    81 FUNC    GLOBAL DEFAULT   14 wl_proxy_create
   107: 000000000000ea00    40 OBJECT  GLOBAL DEFAULT   21 wl_output_interface
   108: 00000000000091f0   313 FUNC    GLOBAL DEFAULT   14 wl_display_dispatch_queue
   109: 000000000000a540    16 FUNC    GLOBAL DEFAULT   14 wl_display_roundtrip
   110: 00000000000074c0    31 FUNC    GLOBAL DEFAULT   14 wl_list_length
   111: 00000000000094f0  2764 FUNC    GLOBAL DEFAULT   14 wl_proxy_marshal_array_flags
   112: 00000000000074e0    14 FUNC    GLOBAL DEFAULT   14 wl_list_empty
   113: 0000000000007200   133 FUNC    GLOBAL DEFAULT   14 wl_proxy_wrapper_destroy
   114: 0000000000007cf0  5367 FUNC    GLOBAL DEFAULT   14 wl_display_read_events
   115: 000000000000ec00    40 OBJECT  GLOBAL DEFAULT   21 wl_region_interface
   116: 0000000000006dd0    11 FUNC    GLOBAL DEFAULT   14 wl_display_get_fd
   117: 0000000000007780    65 FUNC    GLOBAL DEFAULT   14 wl_list_insert_list
   118: 0000000000006d60     9 FUNC    GLOBAL DEFAULT   14 wl_proxy_get_listener
   119: 000000000000ed80    40 OBJECT  GLOBAL DEFAULT   21 wl_display_interface
   120: 0000000000007000    12 FUNC    GLOBAL DEFAULT   14 wl_log_set_handler_client
   121: 000000000000eb80    40 OBJECT  GLOBAL DEFAULT   21 wl_shm_pool_interface
   122: 000000000000ea80    40 OBJECT  GLOBAL DEFAULT   21 wl_seat_interface
   123: 000000000000e900    40 OBJECT  GLOBAL DEFAULT   21 wl_subsurface_interface
   124: 0000000000006fa0     9 FUNC    GLOBAL DEFAULT   14 wl_proxy_get_user_data
   125: 0000000000006f90     9 FUNC    GLOBAL DEFAULT   14 wl_proxy_set_user_data
   126: 0000000000007690    16 FUNC    GLOBAL DEFAULT   14 wl_display_prepare_read
