     1: 0000000000000000     0 FUNC    GLOBAL DEFAULT  UND getenv@GLIBC_2.2.5 (8)
     2: 0000000000000000     0 FUNC    GLOBAL DEFAULT  UND __isoc23_strtoul@GLIBC_2.38 (9)
     3: 0000000000000000     0 FUNC    GLOBAL DEFAULT  UND __snprintf_chk@GLIBC_2.3.4 (10)
     4: 0000000000000000     0 FUNC    GLOBAL DEFAULT  UND free@GLIBC_2.2.5 (8)
     5: 0000000000000000     0 FUNC    GLOBAL DEFAULT  UND __vfprintf_chk@GLIBC_2.3.4 (10)
     6: 0000000000000000     0 FUNC    GLOBAL DEFAULT  UND __errno_location@GLIBC_2.2.5 (8)
     7: 0000000000000000     0 FUNC    GLOBAL DEFAULT  UND strncmp@GLIBC_2.2.5 (8)
     8: 0000000000000000     0 NOTYPE  WEAK   DEFAULT  UND _ITM_deregisterTMCloneTable
     9: 0000000000000000     0 FUNC    GLOBAL DEFAULT  UND strcpy@GLIBC_2.2.5 (8)
    10: 0000000000000000     0 FUNC    GLOBAL DEFAULT  UND secure_getenv@GLIBC_2.17 (11)
    11: 0000000000000000     0 FUNC    GLOBAL DEFAULT  UND strtod@GLIBC_2.2.5 (8)
    12: 0000000000000000     0 FUNC    GLOBAL DEFAULT  UND fclose@GLIBC_2.2.5 (8)
    13: 0000000000000000     0 FUNC    GLOBAL DEFAULT  UND strlen@GLIBC_2.2.5 (8)
    14: 0000000000000000     0 FUNC    GLOBAL DEFAULT  UND eaccess@GLIBC_2.4 (12)
    15: 0000000000000000     0 FUNC    GLOBAL DEFAULT  UND __stack_chk_fail@GLIBC_2.4 (12)
    16: 0000000000000000     0 FUNC    GLOBAL DEFAULT  UND stat64@GLIBC_2.33 (13)
    17: 0000000000000000     0 FUNC    GLOBAL DEFAULT  UND strchr@GLIBC_2.2.5 (8)
    18: 0000000000000000     0 FUNC    GLOBAL DEFAULT  UND snprintf@GLIBC_2.2.5 (8)
    19: 0000000000000000     0 FUNC    GLOBAL DEFAULT  UND __assert_fail@GLIBC_2.2.5 (8)
    20: 0000000000000000     0 FUNC    GLOBAL DEFAULT  UND memset@GLIBC_2.2.5 (8)
    21: 0000000000000000     0 FUNC    GLOBAL DEFAULT  UND memchr@GLIBC_2.2.5 (8)
    22: 0000000000000000     0 FUNC    GLOBAL DEFAULT  UND strndup@GLIBC_2.2.5 (8)
    23: 0000000000000000     0 FUNC    GLOBAL DEFAULT  UND memcmp@GLIBC_2.2.5 (8)
    24: 0000000000000000     0 FUNC    GLOBAL DEFAULT  UND calloc@GLIBC_2.2.5 (8)
    25: 0000000000000000     0 FUNC    GLOBAL DEFAULT  UND strcmp@GLIBC_2.2.5 (8)
    26: 0000000000000000     0 FUNC    GLOBAL DEFAULT  UND __memcpy_chk@GLIBC_2.3.4 (10)
    27: 0000000000000000     0 NOTYPE  WEAK   DEFAULT  UND __gmon_start__
    28: 0000000000000000     0 FUNC    GLOBAL DEFAULT  UND fopen64@GLIBC_2.2.5 (8)
    29: 0000000000000000     0 FUNC    GLOBAL DEFAULT  UND memcpy@GLIBC_2.14 (14)
    30: 0000000000000000     0 FUNC    GLOBAL DEFAULT  UND __isoc23_strtol@GLIBC_2.38 (9)
    31: 0000000000000000     0 FUNC    GLOBAL DEFAULT  UND fileno@GLIBC_2.2.5 (8)
    32: 0000000000000000     0 FUNC    GLOBAL DEFAULT  UND mmap64@GLIBC_2.2.5 (8)
    33: 0000000000000000     0 FUNC    GLOBAL DEFAULT  UND malloc@GLIBC_2.2.5 (8)
    34: 0000000000000000     0 FUNC    GLOBAL DEFAULT  UND __vasprintf_chk@GLIBC_2.8 (15)
    35: 0000000000000000     0 FUNC    GLOBAL DEFAULT  UND strpbrk@GLIBC_2.2.5 (8)
    36: 0000000000000000     0 FUNC    GLOBAL DEFAULT  UND __vsnprintf_chk@GLIBC_2.3.4 (10)
    37: 0000000000000000     0 FUNC    GLOBAL DEFAULT  UND realloc@GLIBC_2.2.5 (8)
    38: 0000000000000000     0 FUNC    GLOBAL DEFAULT  UND __strcpy_chk@GLIBC_2.3.4 (10)
    39: 0000000000000000     0 FUNC    GLOBAL DEFAULT  UND munmap@GLIBC_2.2.5 (8)
    40: 0000000000000000     0 FUNC    GLOBAL DEFAULT  UND memmove@GLIBC_2.2.5 (8)
    41: 0000000000000000     0 FUNC    GLOBAL DEFAULT  UND __memset_chk@GLIBC_2.3.4 (10)
    42: 0000000000000000     0 FUNC    GLOBAL DEFAULT  UND __fprintf_chk@GLIBC_2.3.4 (10)
    43: 0000000000000000     0 FUNC    GLOBAL DEFAULT  UND fstat64@GLIBC_2.33 (13)
    44: 0000000000000000     0 NOTYPE  WEAK   DEFAULT  UND _ITM_registerTMCloneTable
    45: 0000000000000000     0 FUNC    GLOBAL DEFAULT  UND strdup@GLIBC_2.2.5 (8)
    46: 0000000000000000     0 FUNC    GLOBAL DEFAULT  UND strerror@GLIBC_2.2.5 (8)
    47: 0000000000000000     0 FUNC    WEAK   DEFAULT  UND __cxa_finalize@GLIBC_2.2.5 (8)
    48: 0000000000000000     0 OBJECT  GLOBAL DEFAULT  UND stderr@GLIBC_2.2.5 (8)
    49: 000000000001cba0   189 FUNC    GLOBAL DEFAULT   15 xkb_context_unref@@V_0.5.0
    50: 000000000001ecf0   114 FUNC    GLOBAL DEFAULT   15 xkb_keymap_layout_get_index@@V_0.5.0
    51: 000000000001dff0    65 FUNC    GLOBAL DEFAULT   15 xkb_keysym_to_lower@@V_0.8.0
    52: 0000000000006fe0    13 FUNC    GLOBAL DEFAULT   15 xkb_compose_state_reset@@V_0.5.0
    53: 000000000001e380    12 FUNC    GLOBAL DEFAULT   15 xkb_keymap_ref@@V_0.5.0
    54: 0000000000021920    11 FUNC    GLOBAL DEFAULT   15 xkb_state_key_get_consumed_mods@@V_0.5.0
    55: 00000000000071d0   574 FUNC    GLOBAL DEFAULT   15 xkb_compose_table_iterator_next@@V_1.6.0
    56: 0000000000021860    80 FUNC    GLOBAL DEFAULT   15 xkb_state_mod_mask_remove_consumed@@V_0.5.0
    57: 0000000000020300   178 FUNC    GLOBAL DEFAULT   15 xkb_keymap_key_by_name@@V_0.6.0
    58: 0000000000006ff0    67 FUNC    GLOBAL DEFAULT   15 xkb_compose_state_get_status@@V_0.5.0
    59: 000000000001cfa0   437 FUNC    GLOBAL DEFAULT   15 xkb_context_include_path_append_default@@V_0.5.0
    60: 0000000000020f30   106 FUNC    GLOBAL DEFAULT   15 xkb_state_key_get_syms@@V_0.5.0
    61: 000000000001cc60    23 FUNC    GLOBAL DEFAULT   15 xkb_context_set_log_fn@@V_0.5.0
    62: 0000000000000000     0 OBJECT  GLOBAL DEFAULT  ABS V_1.0.0
    63: 000000000000e700   192 FUNC    GLOBAL DEFAULT   15 xkb_compose_table_new_from_buffer@@V_0.5.0
    64: 000000000001ebb0    86 FUNC    GLOBAL DEFAULT   15 xkb_keymap_mod_get_name@@V_0.5.0
    65: 0000000000020500   135 FUNC    GLOBAL DEFAULT   15 xkb_state_key_get_layout@@V_0.5.0
    66: 00000000000070e0    15 FUNC    GLOBAL DEFAULT   15 xkb_compose_table_entry_sequence@@V_1.6.0
    67: 000000000001e260   286 FUNC    GLOBAL DEFAULT   15 xkb_keysym_to_utf8@@V_0.5.0
    68: 000000000001e1a0   190 FUNC    GLOBAL DEFAULT   15 xkb_utf32_to_keysym@@V_1.0.0
    69: 000000000000e550   137 FUNC    GLOBAL DEFAULT   15 xkb_compose_table_unref@@V_0.5.0
    70: 000000000001e580   903 FUNC    GLOBAL DEFAULT   15 xkb_keymap_new_from_names@@V_0.5.0
    71: 000000000001ec80    11 FUNC    GLOBAL DEFAULT   15 xkb_keymap_num_layouts@@V_0.5.0
    72: 0000000000007070    11 FUNC    GLOBAL DEFAULT   15 xkb_compose_table_ref@@V_0.5.0
    73: 0000000000020a00    12 FUNC    GLOBAL DEFAULT   15 xkb_state_get_keymap@@V_0.5.0
    74: 000000000001ccb0     8 FUNC    GLOBAL DEFAULT   15 xkb_context_set_log_verbosity@@V_0.5.0
    75: 0000000000021060   350 FUNC    GLOBAL DEFAULT   15 xkb_state_mod_indices_are_active@@V_0.5.0
    76: 000000000001ea50   234 FUNC    GLOBAL DEFAULT   15 xkb_keymap_new_from_file@@V_0.5.0
    77: 0000000000021440    70 FUNC    GLOBAL DEFAULT   15 xkb_state_led_index_is_active@@V_0.5.0
    78: 0000000000020200     8 FUNC    GLOBAL DEFAULT   15 xkb_keymap_min_keycode@@V_0.5.0
    79: 000000000001ec10   111 FUNC    GLOBAL DEFAULT   15 xkb_keymap_mod_get_index@@V_0.5.0
    80: 0000000000020220   111 FUNC    GLOBAL DEFAULT   15 xkb_keymap_key_for_each@@V_0.5.0
    81: 0000000000000000     0 OBJECT  GLOBAL DEFAULT  ABS V_0.5.0
    82: 0000000000007100     9 FUNC    GLOBAL DEFAULT   15 xkb_compose_table_entry_utf8@@V_1.6.0
    83: 000000000001eb40    90 FUNC    GLOBAL DEFAULT   15 xkb_keymap_get_as_string@@V_0.5.0
    84: 000000000001ef00   334 FUNC    GLOBAL DEFAULT   15 xkb_keymap_key_get_mods_for_level@@V_1.0.0
    85: 00000000000213f0    66 FUNC    GLOBAL DEFAULT   15 xkb_state_layout_name_is_active@@V_0.5.0
    86: 0000000000007110   131 FUNC    GLOBAL DEFAULT   15 xkb_compose_table_iterator_new@@V_1.6.0
    87: 0000000000021010    79 FUNC    GLOBAL DEFAULT   15 xkb_state_mod_index_is_active@@V_0.5.0
    88: 000000000001ea10    63 FUNC    GLOBAL DEFAULT   15 xkb_keymap_new_from_string@@V_0.5.0
    89: 000000000001ee80   114 FUNC    GLOBAL DEFAULT   15 xkb_keymap_led_get_index@@V_0.5.0
    90: 000000000001d5f0   291 FUNC    GLOBAL DEFAULT   15 xkb_keysym_get_name@@V_0.5.0
    91: 000000000000e450   243 FUNC    GLOBAL DEFAULT   15 xkb_compose_state_get_utf8@@V_0.5.0
    92: 00000000000209a0    89 FUNC    GLOBAL DEFAULT   15 xkb_state_unref@@V_0.5.0
    93: 000000000001c9d0   189 FUNC    GLOBAL DEFAULT   15 xkb_context_include_path_clear@@V_0.5.0
    94: 000000000001ec90    86 FUNC    GLOBAL DEFAULT   15 xkb_keymap_layout_get_name@@V_0.5.0
    95: 000000000001cc80     8 FUNC    GLOBAL DEFAULT   15 xkb_context_get_log_level@@V_0.5.0
    96: 000000000001eba0    11 FUNC    GLOBAL DEFAULT   15 xkb_keymap_num_mods@@V_0.5.0
    97: 000000000001da40  1449 FUNC    GLOBAL DEFAULT   15 xkb_keysym_from_name@@V_0.5.0
    98: 000000000001cda0   502 FUNC    GLOBAL DEFAULT   15 xkb_context_include_path_append@@V_0.5.0
    99: 000000000000e7c0   775 FUNC    GLOBAL DEFAULT   15 xkb_compose_table_new_from_locale@@V_0.5.0
   100: 00000000000203c0    43 FUNC    GLOBAL DEFAULT   15 xkb_keymap_key_repeats@@V_0.5.0
   101: 000000000001cc90     8 FUNC    GLOBAL DEFAULT   15 xkb_context_set_log_level@@V_0.5.0
   102: 0000000000000000     0 OBJECT  GLOBAL DEFAULT  ABS V_1.6.0
   103: 0000000000000000     0 OBJECT  GLOBAL DEFAULT  ABS V_0.6.0
   104: 000000000001ca90     8 FUNC    GLOBAL DEFAULT   15 xkb_context_num_include_paths@@V_0.5.0
   105: 000000000000ead0    55 FUNC    GLOBAL DEFAULT   15 xkb_compose_table_iterator_free@@V_1.6.0
   106: 0000000000021550    11 FUNC    GLOBAL DEFAULT   15 xkb_state_mod_index_is_consumed@@V_0.5.0
   107: 00000000000218b0    98 FUNC    GLOBAL DEFAULT   15 xkb_state_key_get_consumed_mods2@@V_0.7.0
   108: 0000000000020290   102 FUNC    GLOBAL DEFAULT   15 xkb_keymap_key_get_name@@V_0.6.0
   109: 0000000000006f00     9 FUNC    GLOBAL DEFAULT   15 xkb_compose_state_get_compose_table@@V_0.5.0
   110: 0000000000020d90   411 FUNC    GLOBAL DEFAULT   15 xkb_state_update_mask@@V_0.5.0
   111: 0000000000006ef0    11 FUNC    GLOBAL DEFAULT   15 xkb_compose_state_ref@@V_0.5.0
   112: 000000000001e910   250 FUNC    GLOBAL DEFAULT   15 xkb_keymap_new_from_buffer@@V_0.5.0
   113: 000000000001cca0     8 FUNC    GLOBAL DEFAULT   15 xkb_context_get_log_verbosity@@V_0.5.0
   114: 000000000001ee10    11 FUNC    GLOBAL DEFAULT   15 xkb_keymap_num_leds@@V_0.5.0
   115: 0000000000020990    12 FUNC    GLOBAL DEFAULT   15 xkb_state_ref@@V_0.5.0
   116: 00000000000214d0   118 FUNC    GLOBAL DEFAULT   15 xkb_state_mod_index_is_consumed2@@V_0.7.0
   117: 000000000001ccd0     9 FUNC    GLOBAL DEFAULT   15 xkb_context_set_user_data@@V_0.5.0
   118: 0000000000021490    59 FUNC    GLOBAL DEFAULT   15 xkb_state_led_name_is_active@@V_0.5.0
   119: 000000000001ee20    94 FUNC    GLOBAL DEFAULT   15 xkb_keymap_led_get_name@@V_0.5.0
   120: 0000000000007040    35 FUNC    GLOBAL DEFAULT   15 xkb_compose_state_get_one_sym@@V_0.5.0
   121: 000000000001f050   157 FUNC    GLOBAL DEFAULT   15 xkb_keymap_key_get_syms_by_level@@V_0.5.0
   122: 0000000000000000     0 OBJECT  GLOBAL DEFAULT  ABS V_0.7.0
   123: 000000000001cae0    11 FUNC    GLOBAL DEFAULT   15 xkb_context_ref@@V_0.5.0
   124: 0000000000020fe0    44 FUNC    GLOBAL DEFAULT   15 xkb_state_serialize_layout@@V_0.5.0
   125: 000000000001caa0    55 FUNC    GLOBAL DEFAULT   15 xkb_context_include_path_get@@V_0.5.0
   126: 0000000000021210   382 FUNC    GLOBAL DEFAULT   15 xkb_state_mod_names_are_active@@V_0.5.0
   127: 00000000000217f0   102 FUNC    GLOBAL DEFAULT   15 xkb_state_key_get_utf32@@V_0.5.0
   128: 00000000000211c0    66 FUNC    GLOBAL DEFAULT   15 xkb_state_mod_name_is_active@@V_0.5.0
   129: 0000000000020fa0    52 FUNC    GLOBAL DEFAULT   15 xkb_state_serialize_mods@@V_0.5.0
   130: 000000000001e040    65 FUNC    GLOBAL DEFAULT   15 xkb_keysym_to_upper@@V_0.8.0
   131: 000000000001e090   262 FUNC    GLOBAL DEFAULT   15 xkb_keysym_to_utf32@@V_0.5.0
   132: 0000000000020470   144 FUNC    GLOBAL DEFAULT   15 xkb_state_key_get_level@@V_0.5.0
   133: 0000000000020210     8 FUNC    GLOBAL DEFAULT   15 xkb_keymap_max_keycode@@V_0.5.0
   134: 0000000000021390    86 FUNC    GLOBAL DEFAULT   15 xkb_state_layout_index_is_active@@V_0.5.0
   135: 0000000000007080    90 FUNC    GLOBAL DEFAULT   15 xkb_compose_state_new@@V_0.5.0
   136: 000000000001ed70    43 FUNC    GLOBAL DEFAULT   15 xkb_keymap_num_layouts_for_key@@V_0.5.0
   137: 0000000000006f10   197 FUNC    GLOBAL DEFAULT   15 xkb_compose_state_feed@@V_0.5.0
   138: 0000000000020940    67 FUNC    GLOBAL DEFAULT   15 xkb_state_new@@V_0.5.0
   139: 0000000000000000     0 OBJECT  GLOBAL DEFAULT  ABS V_0.8.0
   140: 00000000000220a0   435 FUNC    GLOBAL DEFAULT   15 xkb_state_key_get_utf8@@V_0.5.0
   141: 000000000000e640   179 FUNC    GLOBAL DEFAULT   15 xkb_compose_table_new_from_file@@V_0.5.0
   142: 00000000000215c0   128 FUNC    GLOBAL DEFAULT   15 xkb_state_key_get_one_sym@@V_0.5.0
   143: 000000000001d160    34 FUNC    GLOBAL DEFAULT   15 xkb_context_include_path_reset_defaults@@V_0.5.0
   144: 000000000001eda0   103 FUNC    GLOBAL DEFAULT   15 xkb_keymap_num_levels_for_key@@V_0.5.0
   145: 000000000001ccc0    16 FUNC    GLOBAL DEFAULT   15 xkb_context_get_user_data@@V_0.5.0
   146: 000000000001d190  1120 FUNC    GLOBAL DEFAULT   15 xkb_context_new@@V_0.5.0
   147: 00000000000070f0     8 FUNC    GLOBAL DEFAULT   15 xkb_compose_table_entry_keysym@@V_1.6.0
   148: 000000000000e5e0    81 FUNC    GLOBAL DEFAULT   15 xkb_compose_state_unref@@V_0.5.0
   149: 0000000000020a10   886 FUNC    GLOBAL DEFAULT   15 xkb_state_update_key@@V_0.5.0
   150: 000000000001e390   489 FUNC    GLOBAL DEFAULT   15 xkb_keymap_unref@@V_0.5.0
